0 info it worked if it ends with ok
1 verbose cli [ '/Users/sophia/.nvm/versions/node/v6.11.1/bin/node',
1 verbose cli   '/Users/sophia/.nvm/versions/node/v6.11.1/bin/npm',
1 verbose cli   'run',
1 verbose cli   'lint:js' ]
2 info using npm@3.10.10
3 info using node@v6.11.1
4 verbose run-script [ 'prelint:js', 'lint:js', 'postlint:js' ]
5 info lifecycle vets.gov-design-system@0.1.0~prelint:js: vets.gov-design-system@0.1.0
6 silly lifecycle vets.gov-design-system@0.1.0~prelint:js: no script for prelint:js, continuing
7 info lifecycle vets.gov-design-system@0.1.0~lint:js: vets.gov-design-system@0.1.0
8 verbose lifecycle vets.gov-design-system@0.1.0~lint:js: unsafe-perm in lifecycle true
9 verbose lifecycle vets.gov-design-system@0.1.0~lint:js: PATH: /Users/sophia/.nvm/versions/node/v6.11.1/lib/node_modules/npm/bin/node-gyp-bin:/Users/sophia/Desktop/repos/design-system/node_modules/.bin:/usr/local/Cellar/git/2.12.1/libexec/git-core:/Users/sophia/.nvm/versions/node/v6.11.1/bin:/Users/sophia/.rbenv/shims:/usr/local/bin:/usr/bin:/bin:/usr/sbin:/sbin
10 verbose lifecycle vets.gov-design-system@0.1.0~lint:js: CWD: /Users/sophia/Desktop/repos/design-system
11 silly lifecycle vets.gov-design-system@0.1.0~lint:js: Args: [ '-c', 'eslint --quiet --ext .js --ext .jsx .' ]
12 silly lifecycle vets.gov-design-system@0.1.0~lint:js: Returned: code: 1  signal: null
13 info lifecycle vets.gov-design-system@0.1.0~lint:js: Failed to exec lint:js script
14 verbose stack Error: vets.gov-design-system@0.1.0 lint:js: `eslint --quiet --ext .js --ext .jsx .`
14 verbose stack Exit status 1
14 verbose stack     at EventEmitter.<anonymous> (/Users/sophia/.nvm/versions/node/v6.11.1/lib/node_modules/npm/lib/utils/lifecycle.js:255:16)
14 verbose stack     at emitTwo (events.js:106:13)
14 verbose stack     at EventEmitter.emit (events.js:191:7)
14 verbose stack     at ChildProcess.<anonymous> (/Users/sophia/.nvm/versions/node/v6.11.1/lib/node_modules/npm/lib/utils/spawn.js:40:14)
14 verbose stack     at emitTwo (events.js:106:13)
14 verbose stack     at ChildProcess.emit (events.js:191:7)
14 verbose stack     at maybeClose (internal/child_process.js:891:16)
14 verbose stack     at Process.ChildProcess._handle.onexit (internal/child_process.js:226:5)
15 verbose pkgid vets.gov-design-system@0.1.0
16 verbose cwd /Users/sophia/Desktop/repos/design-system
17 error Darwin 17.3.0
18 error argv "/Users/sophia/.nvm/versions/node/v6.11.1/bin/node" "/Users/sophia/.nvm/versions/node/v6.11.1/bin/npm" "run" "lint:js"
19 error node v6.11.1
20 error npm  v3.10.10
21 error code ELIFECYCLE
22 error vets.gov-design-system@0.1.0 lint:js: `eslint --quiet --ext .js --ext .jsx .`
22 error Exit status 1
23 error Failed at the vets.gov-design-system@0.1.0 lint:js script 'eslint --quiet --ext .js --ext .jsx .'.
23 error Make sure you have the latest version of node.js and npm installed.
23 error If you do, this is most likely a problem with the vets.gov-design-system package,
23 error not with npm itself.
23 error Tell the author that this fails on your system:
23 error     eslint --quiet --ext .js --ext .jsx .
23 error You can get information on how to open an issue for this project with:
23 error     npm bugs vets.gov-design-system
23 error Or if that isn't available, you can get their info via:
23 error     npm owner ls vets.gov-design-system
23 error There is likely additional logging output above.
24 verbose exit [ 1, true ]
